<?xml version="1.0" encoding="UTF-8"?>
<!-- Generated by org.testng.reporters.JUnitReportReporter -->
<testsuite skipped="0" hostname="DESKTOP-ESGJ9GD" name="testCases.UpdateOneProductUsingHashMap" tests="2" failures="0" timestamp="18 May 2023 21:13:07 GMT" time="2.709" errors="0">
  <testcase name="updateOneProduct" time="2.087" classname="testCases.UpdateOneProductUsingHashMap"/>
  <testcase name="readOneProduct" time="0.622" classname="testCases.UpdateOneProductUsingHashMap"/>
</testsuite> <!-- testCases.UpdateOneProductUsingHashMap -->
