<?xml version="1.0" encoding="UTF-8"?>
<!-- Generated by org.testng.reporters.JUnitReportReporter -->
<testsuite skipped="0" hostname="DESKTOP-ESGJ9GD" name="testCases.CreateOneProductUsingHashMap" tests="2" failures="0" timestamp="18 May 2023 20:47:58 GMT" time="2.608" errors="0">
  <testcase name="createOneProduct" time="1.998" classname="testCases.CreateOneProductUsingHashMap"/>
  <testcase name="readOneProduct" time="0.610" classname="testCases.CreateOneProductUsingHashMap"/>
</testsuite> <!-- testCases.CreateOneProductUsingHashMap -->
