<?xml version="1.0" encoding="UTF-8"?>
<!-- Generated by org.testng.reporters.JUnitReportReporter -->
<testsuite skipped="0" hostname="DESKTOP-ESGJ9GD" name="testCases.DeleteOneProduct" tests="2" failures="0" timestamp="18 May 2023 21:19:17 GMT" time="3.134" errors="0">
  <testcase name="deleteteOneProduct" time="2.544" classname="testCases.DeleteOneProduct"/>
  <testcase name="readOneProduct" time="0.590" classname="testCases.DeleteOneProduct"/>
</testsuite> <!-- testCases.DeleteOneProduct -->
