<?xml version="1.0" encoding="UTF-8"?>
<!-- Generated by org.testng.reporters.JUnitReportReporter -->
<testsuite skipped="0" hostname="DESKTOP-ESGJ9GD" name="testCases.ReadAllProducts" tests="1" failures="0" timestamp="17 May 2023 17:52:00 GMT" time="2.167" errors="0">
  <testcase name="readAllProducts" time="2.167" classname="testCases.ReadAllProducts"/>
</testsuite> <!-- testCases.ReadAllProducts -->
