<?xml version="1.0" encoding="UTF-8"?>
<!-- Generated by org.testng.reporters.JUnitReportReporter -->
<testsuite skipped="0" hostname="DESKTOP-ESGJ9GD" name="testCases.CreateOneProduct" tests="3" failures="0" timestamp="18 May 2023 18:45:22 GMT" time="3.285" errors="0">
  <testcase name="createOneProduct" time="1.963" classname="testCases.CreateOneProduct"/>
  <testcase name="readAllProducts" time="0.715" classname="testCases.CreateOneProduct"/>
  <testcase name="readOneProduct" time="0.607" classname="testCases.CreateOneProduct"/>
</testsuite> <!-- testCases.CreateOneProduct -->
